<?xml version="1.0" encoding="UTF-8"?>
<testsuite name="ItemRepositoryTest 테스트" tests="1" skipped="0" failures="0" errors="0" timestamp="2021-10-29T12:07:59" hostname="DESKTOP-375R1NK" time="0.755">
  <properties/>
  <testcase name="create()" classname="com.school.java.repository.UserRepositoryTest" time="0.755"/>
  <system-out><![CDATA[21:07:55.783 [Test worker] DEBUG org.springframework.test.context.BootstrapUtils - Instantiating CacheAwareContextLoaderDelegate from class [org.springframework.test.context.cache.DefaultCacheAwareContextLoaderDelegate]
21:07:55.799 [Test worker] DEBUG org.springframework.test.context.BootstrapUtils - Instantiating BootstrapContext using constructor [public org.springframework.test.context.support.DefaultBootstrapContext(java.lang.Class,org.springframework.test.context.CacheAwareContextLoaderDelegate)]
21:07:55.853 [Test worker] DEBUG org.springframework.test.context.BootstrapUtils - Instantiating TestContextBootstrapper for test class [com.school.java.repository.UserRepositoryTest] from class [org.springframework.boot.test.autoconfigure.orm.jpa.DataJpaTestContextBootstrapper]
21:07:55.877 [Test worker] INFO org.springframework.boot.test.autoconfigure.orm.jpa.DataJpaTestContextBootstrapper - Neither @ContextConfiguration nor @ContextHierarchy found for test class [com.school.java.repository.UserRepositoryTest], using SpringBootContextLoader
21:07:55.877 [Test worker] DEBUG org.springframework.test.context.support.AbstractContextLoader - Did not detect default resource location for test class [com.school.java.repository.UserRepositoryTest]: class path resource [com/school/java/repository/UserRepositoryTest-context.xml] does not exist
21:07:55.877 [Test worker] DEBUG org.springframework.test.context.support.AbstractContextLoader - Did not detect default resource location for test class [com.school.java.repository.UserRepositoryTest]: class path resource [com/school/java/repository/UserRepositoryTestContext.groovy] does not exist
21:07:55.877 [Test worker] INFO org.springframework.test.context.support.AbstractContextLoader - Could not detect default resource locations for test class [com.school.java.repository.UserRepositoryTest]: no resource found for suffixes {-context.xml, Context.groovy}.
21:07:55.885 [Test worker] INFO org.springframework.test.context.support.AnnotationConfigContextLoaderUtils - Could not detect default configuration classes for test class [com.school.java.repository.UserRepositoryTest]: UserRepositoryTest does not declare any static, non-private, non-final, nested classes annotated with @Configuration.
21:07:55.949 [Test worker] DEBUG org.springframework.test.context.support.ActiveProfilesUtils - Could not find an 'annotation declaring class' for annotation type [org.springframework.test.context.ActiveProfiles] and class [com.school.java.repository.UserRepositoryTest]
21:07:56.029 [Test worker] DEBUG org.springframework.context.annotation.ClassPathScanningCandidateComponentProvider - Identified candidate component class: file [C:\Users\i\IdeaProjects\school-java-master\5,admin-init\build\classes\java\main\com\school\java\JavaApplication.class]
21:07:56.029 [Test worker] INFO org.springframework.boot.test.context.SpringBootTestContextBootstrapper - Found @SpringBootConfiguration com.school.java.JavaApplication for test class com.school.java.repository.UserRepositoryTest
21:07:56.029 [Test worker] DEBUG org.springframework.boot.test.autoconfigure.orm.jpa.DataJpaTestContextBootstrapper - @TestExecutionListeners is not present for class [com.school.java.repository.UserRepositoryTest]: using defaults.
21:07:56.029 [Test worker] INFO org.springframework.boot.test.autoconfigure.orm.jpa.DataJpaTestContextBootstrapper - Loaded default TestExecutionListener class names from location [META-INF/spring.factories]: [org.springframework.boot.test.autoconfigure.restdocs.RestDocsTestExecutionListener, org.springframework.boot.test.autoconfigure.web.client.MockRestServiceServerResetTestExecutionListener, org.springframework.boot.test.autoconfigure.web.servlet.MockMvcPrintOnlyOnFailureTestExecutionListener, org.springframework.boot.test.autoconfigure.web.servlet.WebDriverTestExecutionListener, org.springframework.boot.test.autoconfigure.webservices.client.MockWebServiceServerTestExecutionListener, org.springframework.boot.test.mock.mockito.MockitoTestExecutionListener, org.springframework.boot.test.mock.mockito.ResetMocksTestExecutionListener, org.springframework.test.context.web.ServletTestExecutionListener, org.springframework.test.context.support.DirtiesContextBeforeModesTestExecutionListener, org.springframework.test.context.support.DependencyInjectionTestExecutionListener, org.springframework.test.context.support.DirtiesContextTestExecutionListener, org.springframework.test.context.transaction.TransactionalTestExecutionListener, org.springframework.test.context.jdbc.SqlScriptsTestExecutionListener, org.springframework.test.context.event.EventPublishingTestExecutionListener]
21:07:56.064 [Test worker] INFO org.springframework.boot.test.autoconfigure.orm.jpa.DataJpaTestContextBootstrapper - Using TestExecutionListeners: [org.springframework.test.context.web.ServletTestExecutionListener@90c0b06, org.springframework.test.context.support.DirtiesContextBeforeModesTestExecutionListener@12f01996, org.springframework.boot.test.mock.mockito.MockitoTestExecutionListener@46748e3c, org.springframework.boot.test.autoconfigure.SpringBootDependencyInjectionTestExecutionListener@71899652, org.springframework.test.context.support.DirtiesContextTestExecutionListener@1834e75e, org.springframework.test.context.transaction.TransactionalTestExecutionListener@a9a7167, org.springframework.test.context.jdbc.SqlScriptsTestExecutionListener@68fd0b66, org.springframework.test.context.event.EventPublishingTestExecutionListener@557b2b2d, org.springframework.boot.test.autoconfigure.restdocs.RestDocsTestExecutionListener@6aca38cb, org.springframework.boot.test.autoconfigure.web.client.MockRestServiceServerResetTestExecutionListener@33827dbc, org.springframework.boot.test.autoconfigure.web.servlet.MockMvcPrintOnlyOnFailureTestExecutionListener@3324f691, org.springframework.boot.test.autoconfigure.web.servlet.WebDriverTestExecutionListener@3f8a819b, org.springframework.boot.test.autoconfigure.webservices.client.MockWebServiceServerTestExecutionListener@43deac1, org.springframework.boot.test.mock.mockito.ResetMocksTestExecutionListener@24f20867]
21:07:56.072 [Test worker] DEBUG org.springframework.test.context.support.AbstractDirtiesContextTestExecutionListener - Before test class: context [DefaultTestContext@5f9a7bc4 testClass = UserRepositoryTest, testInstance = [null], testMethod = [null], testException = [null], mergedContextConfiguration = [MergedContextConfiguration@16aa6b0b testClass = UserRepositoryTest, locations = '{}', classes = '{class com.school.java.JavaApplication}', contextInitializerClasses = '[]', activeProfiles = '{}', propertySourceLocations = '{}', propertySourceProperties = '{org.springframework.boot.test.autoconfigure.orm.jpa.DataJpaTestContextBootstrapper=true}', contextCustomizers = set[org.springframework.boot.test.autoconfigure.OverrideAutoConfigurationContextCustomizerFactory$DisableAutoConfigurationContextCustomizer@393a8b49, org.springframework.boot.test.autoconfigure.filter.TypeExcludeFiltersContextCustomizer@351584c0, org.springframework.boot.test.autoconfigure.properties.PropertyMappingContextCustomizer@5708661e, org.springframework.boot.test.autoconfigure.web.servlet.WebDriverContextCustomizerFactory$Customizer@68f6968, [ImportsContextCustomizer@47753a5e key = [org.springframework.boot.autoconfigure.cache.CacheAutoConfiguration, org.springframework.boot.autoconfigure.data.jpa.JpaRepositoriesAutoConfiguration, org.springframework.boot.autoconfigure.flyway.FlywayAutoConfiguration, org.springframework.boot.autoconfigure.jdbc.DataSourceAutoConfiguration, org.springframework.boot.autoconfigure.jdbc.DataSourceTransactionManagerAutoConfiguration, org.springframework.boot.autoconfigure.jdbc.JdbcTemplateAutoConfiguration, org.springframework.boot.autoconfigure.liquibase.LiquibaseAutoConfiguration, org.springframework.boot.autoconfigure.orm.jpa.HibernateJpaAutoConfiguration, org.springframework.boot.autoconfigure.transaction.TransactionAutoConfiguration, org.springframework.boot.test.autoconfigure.jdbc.TestDatabaseAutoConfiguration, org.springframework.boot.test.autoconfigure.orm.jpa.TestEntityManagerAutoConfiguration]], org.springframework.boot.test.context.filter.ExcludeFilterContextCustomizer@25f385bf, org.springframework.boot.test.json.DuplicateJsonObjectContextCustomizerFactory$DuplicateJsonObjectContextCustomizer@5c7191c, org.springframework.boot.test.mock.mockito.MockitoContextCustomizer@0, org.springframework.boot.test.context.SpringBootTestArgs@1], contextLoader = 'org.springframework.boot.test.context.SpringBootContextLoader', parent = [null]], attributes = map[[empty]]], class annotated with @DirtiesContext [false] with mode [null].
21:07:56.080 [Test worker] DEBUG org.springframework.test.context.support.DependencyInjectionTestExecutionListener - Performing dependency injection for test context [[DefaultTestContext@5f9a7bc4 testClass = UserRepositoryTest, testInstance = com.school.java.repository.UserRepositoryTest@4cc58d68, testMethod = [null], testException = [null], mergedContextConfiguration = [MergedContextConfiguration@16aa6b0b testClass = UserRepositoryTest, locations = '{}', classes = '{class com.school.java.JavaApplication}', contextInitializerClasses = '[]', activeProfiles = '{}', propertySourceLocations = '{}', propertySourceProperties = '{org.springframework.boot.test.autoconfigure.orm.jpa.DataJpaTestContextBootstrapper=true}', contextCustomizers = set[org.springframework.boot.test.autoconfigure.OverrideAutoConfigurationContextCustomizerFactory$DisableAutoConfigurationContextCustomizer@393a8b49, org.springframework.boot.test.autoconfigure.filter.TypeExcludeFiltersContextCustomizer@351584c0, org.springframework.boot.test.autoconfigure.properties.PropertyMappingContextCustomizer@5708661e, org.springframework.boot.test.autoconfigure.web.servlet.WebDriverContextCustomizerFactory$Customizer@68f6968, [ImportsContextCustomizer@47753a5e key = [org.springframework.boot.autoconfigure.cache.CacheAutoConfiguration, org.springframework.boot.autoconfigure.data.jpa.JpaRepositoriesAutoConfiguration, org.springframework.boot.autoconfigure.flyway.FlywayAutoConfiguration, org.springframework.boot.autoconfigure.jdbc.DataSourceAutoConfiguration, org.springframework.boot.autoconfigure.jdbc.DataSourceTransactionManagerAutoConfiguration, org.springframework.boot.autoconfigure.jdbc.JdbcTemplateAutoConfiguration, org.springframework.boot.autoconfigure.liquibase.LiquibaseAutoConfiguration, org.springframework.boot.autoconfigure.orm.jpa.HibernateJpaAutoConfiguration, org.springframework.boot.autoconfigure.transaction.TransactionAutoConfiguration, org.springframework.boot.test.autoconfigure.jdbc.TestDatabaseAutoConfiguration, org.springframework.boot.test.autoconfigure.orm.jpa.TestEntityManagerAutoConfiguration]], org.springframework.boot.test.context.filter.ExcludeFilterContextCustomizer@25f385bf, org.springframework.boot.test.json.DuplicateJsonObjectContextCustomizerFactory$DuplicateJsonObjectContextCustomizer@5c7191c, org.springframework.boot.test.mock.mockito.MockitoContextCustomizer@0, org.springframework.boot.test.context.SpringBootTestArgs@1], contextLoader = 'org.springframework.boot.test.context.SpringBootContextLoader', parent = [null]], attributes = map[[empty]]]].
21:07:56.114 [Test worker] DEBUG org.springframework.test.context.support.TestPropertySourceUtils - Adding inlined properties to environment: {spring.jmx.enabled=false, org.springframework.boot.test.autoconfigure.orm.jpa.DataJpaTestContextBootstrapper=true}

  .   ____          _            __ _ _
 /\\ / ___'_ __ _ _(_)_ __  __ _ \ \ \ \
( ( )\___ | '_ | '_| | '_ \/ _` | \ \ \ \
 \\/  ___)| |_)| | | | | || (_| |  ) ) ) )
  '  |____| .__|_| |_|_| |_\__, | / / / /
 =========|_|==============|___/=/_/_/_/
 :: Spring Boot ::        (v2.3.4.RELEASE)

2021-10-29 21:07:56.603  INFO 12464 --- [    Test worker] c.s.java.repository.UserRepositoryTest   : Starting UserRepositoryTest on DESKTOP-375R1NK with PID 12464 (started by i in C:\Users\i\IdeaProjects\school-java-master\5,admin-init)
2021-10-29 21:07:56.611  INFO 12464 --- [    Test worker] c.s.java.repository.UserRepositoryTest   : No active profile set, falling back to default profiles: default
2021-10-29 21:07:57.075  INFO 12464 --- [    Test worker] .s.d.r.c.RepositoryConfigurationDelegate : Bootstrapping Spring Data JPA repositories in LAZY mode.
2021-10-29 21:07:57.180  INFO 12464 --- [    Test worker] .s.d.r.c.RepositoryConfigurationDelegate : Finished Spring Data repository scanning in 94ms. Found 7 JPA repository interfaces.
2021-10-29 21:07:57.508 DEBUG 12464 --- [    Test worker] com.zaxxer.hikari.HikariConfig           : Driver class com.mysql.cj.jdbc.Driver found in Thread context class loader jdk.internal.loader.ClassLoaders$AppClassLoader@6659c656
2021-10-29 21:07:57.567 DEBUG 12464 --- [    Test worker] com.zaxxer.hikari.HikariConfig           : HikariPool-1 - configuration:
2021-10-29 21:07:57.567 DEBUG 12464 --- [    Test worker] com.zaxxer.hikari.HikariConfig           : allowPoolSuspension.............false
2021-10-29 21:07:57.567 DEBUG 12464 --- [    Test worker] com.zaxxer.hikari.HikariConfig           : autoCommit......................true
2021-10-29 21:07:57.567 DEBUG 12464 --- [    Test worker] com.zaxxer.hikari.HikariConfig           : catalog.........................none
2021-10-29 21:07:57.567 DEBUG 12464 --- [    Test worker] com.zaxxer.hikari.HikariConfig           : connectionInitSql...............none
2021-10-29 21:07:57.567 DEBUG 12464 --- [    Test worker] com.zaxxer.hikari.HikariConfig           : connectionTestQuery.............none
2021-10-29 21:07:57.567 DEBUG 12464 --- [    Test worker] com.zaxxer.hikari.HikariConfig           : connectionTimeout...............30000
2021-10-29 21:07:57.567 DEBUG 12464 --- [    Test worker] com.zaxxer.hikari.HikariConfig           : dataSource......................none
2021-10-29 21:07:57.567 DEBUG 12464 --- [    Test worker] com.zaxxer.hikari.HikariConfig           : dataSourceClassName.............none
2021-10-29 21:07:57.567 DEBUG 12464 --- [    Test worker] com.zaxxer.hikari.HikariConfig           : dataSourceJNDI..................none
2021-10-29 21:07:57.567 DEBUG 12464 --- [    Test worker] com.zaxxer.hikari.HikariConfig           : dataSourceProperties............{password=<masked>}
2021-10-29 21:07:57.567 DEBUG 12464 --- [    Test worker] com.zaxxer.hikari.HikariConfig           : driverClassName................."com.mysql.cj.jdbc.Driver"
2021-10-29 21:07:57.567 DEBUG 12464 --- [    Test worker] com.zaxxer.hikari.HikariConfig           : exceptionOverrideClassName......none
2021-10-29 21:07:57.567 DEBUG 12464 --- [    Test worker] com.zaxxer.hikari.HikariConfig           : healthCheckProperties...........{}
2021-10-29 21:07:57.567 DEBUG 12464 --- [    Test worker] com.zaxxer.hikari.HikariConfig           : healthCheckRegistry.............none
2021-10-29 21:07:57.567 DEBUG 12464 --- [    Test worker] com.zaxxer.hikari.HikariConfig           : idleTimeout.....................600000
2021-10-29 21:07:57.567 DEBUG 12464 --- [    Test worker] com.zaxxer.hikari.HikariConfig           : initializationFailTimeout.......1
2021-10-29 21:07:57.567 DEBUG 12464 --- [    Test worker] com.zaxxer.hikari.HikariConfig           : isolateInternalQueries..........false
2021-10-29 21:07:57.567 DEBUG 12464 --- [    Test worker] com.zaxxer.hikari.HikariConfig           : jdbcUrl.........................jdbc:mysql://localhost:3306/admin?useSSL=false&useUnicode=true&serverTimezone=Asia/Seoul&allowPublicKeyRetrieval=true&createDatabaseIfNotExist=true
2021-10-29 21:07:57.567 DEBUG 12464 --- [    Test worker] com.zaxxer.hikari.HikariConfig           : leakDetectionThreshold..........0
2021-10-29 21:07:57.567 DEBUG 12464 --- [    Test worker] com.zaxxer.hikari.HikariConfig           : maxLifetime.....................1800000
2021-10-29 21:07:57.567 DEBUG 12464 --- [    Test worker] com.zaxxer.hikari.HikariConfig           : maximumPoolSize.................10
2021-10-29 21:07:57.567 DEBUG 12464 --- [    Test worker] com.zaxxer.hikari.HikariConfig           : metricRegistry..................none
2021-10-29 21:07:57.567 DEBUG 12464 --- [    Test worker] com.zaxxer.hikari.HikariConfig           : metricsTrackerFactory...........none
2021-10-29 21:07:57.567 DEBUG 12464 --- [    Test worker] com.zaxxer.hikari.HikariConfig           : minimumIdle.....................10
2021-10-29 21:07:57.567 DEBUG 12464 --- [    Test worker] com.zaxxer.hikari.HikariConfig           : password........................<masked>
2021-10-29 21:07:57.567 DEBUG 12464 --- [    Test worker] com.zaxxer.hikari.HikariConfig           : poolName........................"HikariPool-1"
2021-10-29 21:07:57.567 DEBUG 12464 --- [    Test worker] com.zaxxer.hikari.HikariConfig           : readOnly........................false
2021-10-29 21:07:57.567 DEBUG 12464 --- [    Test worker] com.zaxxer.hikari.HikariConfig           : registerMbeans..................false
2021-10-29 21:07:57.567 DEBUG 12464 --- [    Test worker] com.zaxxer.hikari.HikariConfig           : scheduledExecutor...............none
2021-10-29 21:07:57.567 DEBUG 12464 --- [    Test worker] com.zaxxer.hikari.HikariConfig           : schema..........................none
2021-10-29 21:07:57.567 DEBUG 12464 --- [    Test worker] com.zaxxer.hikari.HikariConfig           : threadFactory...................internal
2021-10-29 21:07:57.575 DEBUG 12464 --- [    Test worker] com.zaxxer.hikari.HikariConfig           : transactionIsolation............default
2021-10-29 21:07:57.575 DEBUG 12464 --- [    Test worker] com.zaxxer.hikari.HikariConfig           : username........................"root"
2021-10-29 21:07:57.575 DEBUG 12464 --- [    Test worker] com.zaxxer.hikari.HikariConfig           : validationTimeout...............5000
2021-10-29 21:07:57.575  INFO 12464 --- [    Test worker] com.zaxxer.hikari.HikariDataSource       : HikariPool-1 - Starting...
2021-10-29 21:07:57.832  INFO 12464 --- [    Test worker] com.zaxxer.hikari.HikariDataSource       : HikariPool-1 - Start completed.
2021-10-29 21:07:58.097  INFO 12464 --- [    Test worker] o.hibernate.jpa.internal.util.LogHelper  : HHH000204: Processing PersistenceUnitInfo [name: default]
2021-10-29 21:07:58.169  INFO 12464 --- [    Test worker] org.hibernate.Version                    : HHH000412: Hibernate ORM core version 5.4.21.Final
2021-10-29 21:07:58.369  INFO 12464 --- [    Test worker] o.hibernate.annotations.common.Version   : HCANN000001: Hibernate Commons Annotations {5.1.0.Final}
2021-10-29 21:07:58.529  INFO 12464 --- [    Test worker] org.hibernate.dialect.Dialect            : HHH000400: Using dialect: org.hibernate.dialect.MySQL8Dialect
2021-10-29 21:07:59.364  INFO 12464 --- [    Test worker] o.h.e.t.j.p.i.JtaPlatformInitiator       : HHH000490: Using JtaPlatform implementation: [org.hibernate.engine.transaction.jta.platform.internal.NoJtaPlatform]
2021-10-29 21:07:59.372  INFO 12464 --- [    Test worker] j.LocalContainerEntityManagerFactoryBean : Initialized JPA EntityManagerFactory for persistence unit 'default'
2021-10-29 21:07:59.516  INFO 12464 --- [    Test worker] c.s.java.repository.UserRepositoryTest   : Started UserRepositoryTest in 3.404 seconds (JVM running for 4.883)
2021-10-29 21:07:59.620  INFO 12464 --- [    Test worker] o.s.t.c.transaction.TransactionContext   : Began transaction (1) for test context [DefaultTestContext@5f9a7bc4 testClass = UserRepositoryTest, testInstance = com.school.java.repository.UserRepositoryTest@4cc58d68, testMethod = create@UserRepositoryTest, testException = [null], mergedContextConfiguration = [MergedContextConfiguration@16aa6b0b testClass = UserRepositoryTest, locations = '{}', classes = '{class com.school.java.JavaApplication}', contextInitializerClasses = '[]', activeProfiles = '{}', propertySourceLocations = '{}', propertySourceProperties = '{org.springframework.boot.test.autoconfigure.orm.jpa.DataJpaTestContextBootstrapper=true}', contextCustomizers = set[org.springframework.boot.test.autoconfigure.OverrideAutoConfigurationContextCustomizerFactory$DisableAutoConfigurationContextCustomizer@393a8b49, org.springframework.boot.test.autoconfigure.filter.TypeExcludeFiltersContextCustomizer@351584c0, org.springframework.boot.test.autoconfigure.properties.PropertyMappingContextCustomizer@5708661e, org.springframework.boot.test.autoconfigure.web.servlet.WebDriverContextCustomizerFactory$Customizer@68f6968, [ImportsContextCustomizer@47753a5e key = [org.springframework.boot.autoconfigure.cache.CacheAutoConfiguration, org.springframework.boot.autoconfigure.data.jpa.JpaRepositoriesAutoConfiguration, org.springframework.boot.autoconfigure.flyway.FlywayAutoConfiguration, org.springframework.boot.autoconfigure.jdbc.DataSourceAutoConfiguration, org.springframework.boot.autoconfigure.jdbc.DataSourceTransactionManagerAutoConfiguration, org.springframework.boot.autoconfigure.jdbc.JdbcTemplateAutoConfiguration, org.springframework.boot.autoconfigure.liquibase.LiquibaseAutoConfiguration, org.springframework.boot.autoconfigure.orm.jpa.HibernateJpaAutoConfiguration, org.springframework.boot.autoconfigure.transaction.TransactionAutoConfiguration, org.springframework.boot.test.autoconfigure.jdbc.TestDatabaseAutoConfiguration, org.springframework.boot.test.autoconfigure.orm.jpa.TestEntityManagerAutoConfiguration]], org.springframework.boot.test.context.filter.ExcludeFilterContextCustomizer@25f385bf, org.springframework.boot.test.json.DuplicateJsonObjectContextCustomizerFactory$DuplicateJsonObjectContextCustomizer@5c7191c, org.springframework.boot.test.mock.mockito.MockitoContextCustomizer@0, org.springframework.boot.test.context.SpringBootTestArgs@1], contextLoader = 'org.springframework.boot.test.context.SpringBootContextLoader', parent = [null]], attributes = map[[empty]]]; transaction manager [org.springframework.orm.jpa.JpaTransactionManager@75c3e691]; rollback [true]
2021-10-29 21:08:00.242 DEBUG 12464 --- [    Test worker] org.hibernate.SQL                        : insert into user (account, created_at, created_by, email, password, phone_number, registered_at, status, unregistered_at, updated_at, updated_by) values (?, ?, ?, ?, ?, ?, ?, ?, ?, ?, ?)
Hibernate: insert into user (account, created_at, created_by, email, password, phone_number, registered_at, status, unregistered_at, updated_at, updated_by) values (?, ?, ?, ?, ?, ?, ?, ?, ?, ?, ?)
2021-10-29 21:08:00.292  INFO 12464 --- [    Test worker] o.s.t.c.transaction.TransactionContext   : Rolled back transaction for test: [DefaultTestContext@5f9a7bc4 testClass = UserRepositoryTest, testInstance = com.school.java.repository.UserRepositoryTest@4cc58d68, testMethod = create@UserRepositoryTest, testException = [null], mergedContextConfiguration = [MergedContextConfiguration@16aa6b0b testClass = UserRepositoryTest, locations = '{}', classes = '{class com.school.java.JavaApplication}', contextInitializerClasses = '[]', activeProfiles = '{}', propertySourceLocations = '{}', propertySourceProperties = '{org.springframework.boot.test.autoconfigure.orm.jpa.DataJpaTestContextBootstrapper=true}', contextCustomizers = set[org.springframework.boot.test.autoconfigure.OverrideAutoConfigurationContextCustomizerFactory$DisableAutoConfigurationContextCustomizer@393a8b49, org.springframework.boot.test.autoconfigure.filter.TypeExcludeFiltersContextCustomizer@351584c0, org.springframework.boot.test.autoconfigure.properties.PropertyMappingContextCustomizer@5708661e, org.springframework.boot.test.autoconfigure.web.servlet.WebDriverContextCustomizerFactory$Customizer@68f6968, [ImportsContextCustomizer@47753a5e key = [org.springframework.boot.autoconfigure.cache.CacheAutoConfiguration, org.springframework.boot.autoconfigure.data.jpa.JpaRepositoriesAutoConfiguration, org.springframework.boot.autoconfigure.flyway.FlywayAutoConfiguration, org.springframework.boot.autoconfigure.jdbc.DataSourceAutoConfiguration, org.springframework.boot.autoconfigure.jdbc.DataSourceTransactionManagerAutoConfiguration, org.springframework.boot.autoconfigure.jdbc.JdbcTemplateAutoConfiguration, org.springframework.boot.autoconfigure.liquibase.LiquibaseAutoConfiguration, org.springframework.boot.autoconfigure.orm.jpa.HibernateJpaAutoConfiguration, org.springframework.boot.autoconfigure.transaction.TransactionAutoConfiguration, org.springframework.boot.test.autoconfigure.jdbc.TestDatabaseAutoConfiguration, org.springframework.boot.test.autoconfigure.orm.jpa.TestEntityManagerAutoConfiguration]], org.springframework.boot.test.context.filter.ExcludeFilterContextCustomizer@25f385bf, org.springframework.boot.test.json.DuplicateJsonObjectContextCustomizerFactory$DuplicateJsonObjectContextCustomizer@5c7191c, org.springframework.boot.test.mock.mockito.MockitoContextCustomizer@0, org.springframework.boot.test.context.SpringBootTestArgs@1], contextLoader = 'org.springframework.boot.test.context.SpringBootContextLoader', parent = [null]], attributes = map[[empty]]]
]]></system-out>
  <system-err><![CDATA[]]></system-err>
</testsuite>
